<?xml version="1.0" encoding="UTF-8"?>
<!-- Generated by org.testng.reporters.JUnitReportReporter -->
<testsuite hostname="LAPTOP-FPEFRQ9C" failures="0" tests="3" name="StepDefinitions.TestRunner" time="17.249" errors="0" timestamp="2024-11-19T14:57:19 IST" skipped="0">
  <testcase classname="StepDefinitions.TestRunner" name="runScenario" time="8.065"/>
  <system-out/>
  <testcase classname="StepDefinitions.TestRunner" name="runScenario" time="4.690"/>
  <system-out/>
  <testcase classname="StepDefinitions.TestRunner" name="runScenario" time="4.494"/>
  <system-out/>
</testsuite> <!-- StepDefinitions.TestRunner -->
