<?xml version="1.0" encoding="UTF-8"?>
<!-- Generated by org.testng.reporters.JUnitReportReporter -->
<testsuite hostname="LAPTOP-FPEFRQ9C" failures="0" tests="3" name="StepDefinitions.TestRunner" time="24.182" errors="0" timestamp="2024-11-19T16:14:17 IST" skipped="0">
  <testcase classname="StepDefinitions.TestRunner" name="runScenario" time="13.930"/>
  <testcase classname="StepDefinitions.TestRunner" name="runScenario" time="5.783"/>
  <testcase classname="StepDefinitions.TestRunner" name="runScenario" time="4.469"/>
</testsuite> <!-- StepDefinitions.TestRunner -->
